2018-09-20 10:25:48,104 INFO  com.vladislavgusev.bookphone.PhoneBook             - Application "Phone Book" is start
2018-09-20 10:25:48,104 DEBUG com.vladislavgusev.bookphone.PhoneBook             - Application "Payment Systems" is run
2018-09-20 10:25:48,104 INFO  com.vladislavgusev.bookphone.PhoneBook             - Initializing the printer for output
2018-09-20 10:25:48,128 DEBUG ev.bookphone.datalayer.oracledb.OracleDBDAOFactory - Create a connection to the database
2018-09-20 10:25:48,672 INFO  com.vladislavgusev.bookphone.PhoneBook             - Initialization of the input command parsing
2018-09-20 10:25:48,672 DEBUG dislavgusev.bookphone.parser.command.CommandParser - Checking for an empty query
2018-09-20 10:25:48,672 DEBUG dislavgusev.bookphone.parser.command.CommandParser - Check for an unknown command
2018-09-20 10:25:48,672 DEBUG dislavgusev.bookphone.parser.command.CommandParser - Check for an erroneous command SET
2018-09-20 10:25:48,672 DEBUG dislavgusev.bookphone.parser.command.CommandParser - Check for a number phone
2018-09-20 10:25:48,672 DEBUG dislavgusev.bookphone.parser.command.CommandParser - Check for an erroneous command GET
2018-09-20 10:25:48,672 DEBUG dislavgusev.bookphone.parser.command.CommandParser - Initialization the command type
2018-09-20 10:25:48,672 DEBUG dislavgusev.bookphone.parser.command.CommandParser - Initializing the user name
2018-09-20 10:25:48,672 DEBUG dislavgusev.bookphone.parser.command.CommandParser - Initialization number
2018-09-20 10:25:48,672 INFO  com.vladislavgusev.bookphone.PhoneBook             - Get an object DataBase from factory
2018-09-20 10:25:48,672 INFO  com.vladislavgusev.bookphone.PhoneBook             - Get an UserDAO for manipulating database data
2018-09-20 10:25:48,672 INFO  com.vladislavgusev.bookphone.PhoneBook             - Initializing the report
2018-09-20 10:25:48,688 INFO  com.vladislavgusev.bookphone.PhoneBook             - Initializing the required command by request
2018-09-20 10:25:48,688 INFO  com.vladislavgusev.bookphone.PhoneBook             - Execute the required command
2018-09-20 10:25:48,688 DEBUG dislavgusev.bookphone.requests.commands.InsertUser - Insert user by object "User" in "UserDAO" and get "Primary Key" of user
2018-09-20 10:25:48,688 DEBUG avgusev.bookphone.datalayer.oracledb.OracleUserDAO - Get "Insert" annotation for getting a request to a data base
2018-09-20 10:25:48,769 DEBUG avgusev.bookphone.datalayer.oracledb.OracleUserDAO - Get "PreparedStatement" with a request from the annotation
2018-09-20 10:25:48,938 DEBUG avgusev.bookphone.datalayer.oracledb.OracleUserDAO - Set parameter "Name" in request
2018-09-20 10:25:48,939 DEBUG avgusev.bookphone.datalayer.oracledb.OracleUserDAO - Set parameter "Number" in request
2018-09-20 10:25:48,939 DEBUG avgusev.bookphone.datalayer.oracledb.OracleUserDAO - Update data in data base
2018-09-20 10:25:48,949 DEBUG avgusev.bookphone.datalayer.oracledb.OracleUserDAO - Get "ResultSet" for getting id user
2018-09-20 10:25:48,953 DEBUG avgusev.bookphone.datalayer.oracledb.OracleUserDAO - Get "id" user from "ResultSet"
2018-09-20 10:25:48,953 DEBUG avgusev.bookphone.datalayer.oracledb.OracleUserDAO - Close "ResultSet"
2018-09-20 10:25:48,953 DEBUG avgusev.bookphone.datalayer.oracledb.OracleUserDAO - Close "PreparedStatement"
2018-09-20 10:25:48,954 DEBUG dislavgusev.bookphone.requests.commands.InsertUser - Set "id" in "User"
2018-09-20 10:25:48,954 DEBUG dislavgusev.bookphone.requests.commands.InsertUser - Print report on insert user in "UserDAO"
